This is pdfTeX, Version 3.1415926-2.5-1.40.14 (TeX Live 2013/Debian) (format=latex 2015.9.20)  6 SEP 2018 05:21
entering extended mode
 restricted \write18 enabled.
 %&-line parsing enabled.
**segura-InfSci14.tex
(./segura-InfSci14.tex
LaTeX2e <2011/06/27>
Babel <3.9h> and hyphenation patterns for 78 languages loaded.
(./elsarticle.cls
Document Class: elsarticle 2009/09/17, 1.20b: Elsevier Ltd
\@bls=\dimen102
(/usr/share/texlive/texmf-dist/tex/latex/base/article.cls
Document Class: article 2007/10/19 v1.4h Standard LaTeX document class
(/usr/share/texlive/texmf-dist/tex/latex/base/size10.clo
File: size10.clo 2007/10/19 v1.4h Standard LaTeX file (size option)
)
\c@part=\count79
\c@section=\count80
\c@subsection=\count81
\c@subsubsection=\count82
\c@paragraph=\count83
\c@subparagraph=\count84
\c@figure=\count85
\c@table=\count86
\abovecaptionskip=\skip41
\belowcaptionskip=\skip42
\bibindent=\dimen103
)
(/usr/share/texlive/texmf-dist/tex/latex/graphics/graphicx.sty
Package: graphicx 1999/02/16 v1.0f Enhanced LaTeX Graphics (DPC,SPQR)

(/usr/share/texlive/texmf-dist/tex/latex/graphics/keyval.sty
Package: keyval 1999/03/16 v1.13 key=value parser (DPC)
\KV@toks@=\toks14
)
(/usr/share/texlive/texmf-dist/tex/latex/graphics/graphics.sty
Package: graphics 2009/02/05 v1.0o Standard LaTeX Graphics (DPC,SPQR)

(/usr/share/texlive/texmf-dist/tex/latex/graphics/trig.sty
Package: trig 1999/03/16 v1.09 sin cos tan (DPC)
)
(/usr/share/texlive/texmf-dist/tex/latex/latexconfig/graphics.cfg
File: graphics.cfg 2010/04/23 v1.9 graphics configuration of TeX Live
)
Package graphics Info: Driver file: dvips.def on input line 91.

(/usr/share/texlive/texmf-dist/tex/latex/graphics/dvips.def
File: dvips.def 1999/02/16 v3.0i Driver-dependant file (DPC,SPQR)
))
\Gin@req@height=\dimen104
\Gin@req@width=\dimen105
)
(/usr/share/texlive/texmf-dist/tex/latex/psnfss/pifont.sty
Package: pifont 2005/04/12 PSNFSS-v9.2a Pi font support (SPQR) 
LaTeX Font Info:    Try loading font information for U+pzd on input line 63.

(/usr/share/texlive/texmf-dist/tex/latex/psnfss/upzd.fd
File: upzd.fd 2001/06/04 font definitions for U/pzd.
)
LaTeX Font Info:    Try loading font information for U+psy on input line 64.

(/usr/share/texlive/texmf-dist/tex/latex/psnfss/upsy.fd
File: upsy.fd 2001/06/04 font definitions for U/psy.
))
\c@tnote=\count87
\c@fnote=\count88
\c@cnote=\count89
\c@ead=\count90
\c@author=\count91
\@eadauthor=\toks15
\c@affn=\count92
\absbox=\box26
\keybox=\box27
\Columnwidth=\dimen106
\space@left=\dimen107
\els@boxa=\box28
\els@boxb=\box29
\leftMargin=\dimen108
\@enLab=\toks16
\@sep=\skip43
\@@sep=\skip44

(./segura-InfSci14.spl)
(/usr/share/texlive/texmf-dist/tex/latex/natbib/natbib.sty
Package: natbib 2010/09/13 8.31b (PWD, AO)
\bibhang=\skip45
\bibsep=\skip46
LaTeX Info: Redefining \cite on input line 694.
\c@NAT@ctr=\count93
)
\splwrite=\write3
\openout3 = `segura-InfSci14.spl'.


(/usr/share/texlive/texmf-dist/tex/latex/geometry/geometry.sty
Package: geometry 2010/09/12 v5.6 Page Geometry

(/usr/share/texlive/texmf-dist/tex/generic/oberdiek/ifpdf.sty
Package: ifpdf 2011/01/30 v2.3 Provides the ifpdf switch (HO)
Package ifpdf Info: pdfTeX in PDF mode is not detected.
)
(/usr/share/texlive/texmf-dist/tex/generic/oberdiek/ifvtex.sty
Package: ifvtex 2010/03/01 v1.5 Detect VTeX and its facilities (HO)
Package ifvtex Info: VTeX not detected.
)
(/usr/share/texlive/texmf-dist/tex/generic/ifxetex/ifxetex.sty
Package: ifxetex 2010/09/12 v0.6 Provides ifxetex conditional
)
\Gm@cnth=\count94
\Gm@cntv=\count95
\c@Gm@tempcnt=\count96
\Gm@bindingoffset=\dimen109
\Gm@wd@mp=\dimen110
\Gm@odd@mp=\dimen111
\Gm@even@mp=\dimen112
\Gm@layoutwidth=\dimen113
\Gm@layoutheight=\dimen114
\Gm@layouthoffset=\dimen115
\Gm@layoutvoffset=\dimen116
\Gm@dimlist=\toks17
)
\appnamewidth=\dimen117
)
(/usr/share/texlive/texmf-dist/tex/latex/lineno/lineno.sty
Package: lineno 2005/11/02 line numbers on paragraphs v4.41
\linenopenalty=\count97
\output=\toks18
\linenoprevgraf=\count98
\linenumbersep=\dimen118
\linenumberwidth=\dimen119
\c@linenumber=\count99
\c@pagewiselinenumber=\count100
\c@LN@truepage=\count101
\c@internallinenumber=\count102
\c@internallinenumbers=\count103
\quotelinenumbersep=\dimen120
\bframerule=\dimen121
\bframesep=\dimen122
\bframebox=\box30
LaTeX Info: Redefining \\ on input line 3056.
)
(/usr/share/texlive/texmf-dist/tex/latex/hyperref/hyperref.sty
Package: hyperref 2012/11/06 v6.83m Hypertext links for LaTeX

(/usr/share/texlive/texmf-dist/tex/generic/oberdiek/hobsub-hyperref.sty
Package: hobsub-hyperref 2012/05/28 v1.13 Bundle oberdiek, subset hyperref (HO)


(/usr/share/texlive/texmf-dist/tex/generic/oberdiek/hobsub-generic.sty
Package: hobsub-generic 2012/05/28 v1.13 Bundle oberdiek, subset generic (HO)
Package: hobsub 2012/05/28 v1.13 Construct package bundles (HO)
Package: infwarerr 2010/04/08 v1.3 Providing info/warning/error messages (HO)
Package: ltxcmds 2011/11/09 v1.22 LaTeX kernel commands for general use (HO)
Package: ifluatex 2010/03/01 v1.3 Provides the ifluatex switch (HO)
Package ifluatex Info: LuaTeX not detected.
Package hobsub Info: Skipping package `ifvtex' (already loaded).
Package: intcalc 2007/09/27 v1.1 Expandable calculations with integers (HO)
Package hobsub Info: Skipping package `ifpdf' (already loaded).
Package: etexcmds 2011/02/16 v1.5 Avoid name clashes with e-TeX commands (HO)
Package etexcmds Info: Could not find \expanded.
(etexcmds)             That can mean that you are not using pdfTeX 1.50 or
(etexcmds)             that some package has redefined \expanded.
(etexcmds)             In the latter case, load this package earlier.
Package: kvsetkeys 2012/04/25 v1.16 Key value parser (HO)
Package: kvdefinekeys 2011/04/07 v1.3 Define keys (HO)
Package: pdftexcmds 2011/11/29 v0.20 Utility functions of pdfTeX for LuaTeX (HO
)
Package pdftexcmds Info: LuaTeX not detected.
Package pdftexcmds Info: \pdf@primitive is available.
Package pdftexcmds Info: \pdf@ifprimitive is available.
Package pdftexcmds Info: \pdfdraftmode is ignored in DVI mode.
Package: pdfescape 2011/11/25 v1.13 Implements pdfTeX's escape features (HO)
Package: bigintcalc 2012/04/08 v1.3 Expandable calculations on big integers (HO
)
Package: bitset 2011/01/30 v1.1 Handle bit-vector datatype (HO)
Package: uniquecounter 2011/01/30 v1.2 Provide unlimited unique counter (HO)
)
Package hobsub Info: Skipping package `hobsub' (already loaded).
Package: letltxmacro 2010/09/02 v1.4 Let assignment for LaTeX macros (HO)
Package: hopatch 2012/05/28 v1.2 Wrapper for package hooks (HO)
Package: xcolor-patch 2011/01/30 xcolor patch
Package: atveryend 2011/06/30 v1.8 Hooks at the very end of document (HO)
Package atveryend Info: \enddocument detected (standard20110627).
Package: atbegshi 2011/10/05 v1.16 At begin shipout hook (HO)
Package: refcount 2011/10/16 v3.4 Data extraction from label references (HO)
Package: hycolor 2011/01/30 v1.7 Color options for hyperref/bookmark (HO)
)
(/usr/share/texlive/texmf-dist/tex/latex/oberdiek/auxhook.sty
Package: auxhook 2011/03/04 v1.3 Hooks for auxiliary files (HO)
)
(/usr/share/texlive/texmf-dist/tex/latex/oberdiek/kvoptions.sty
Package: kvoptions 2011/06/30 v3.11 Key value format for package options (HO)
)
\@linkdim=\dimen123
\Hy@linkcounter=\count104
\Hy@pagecounter=\count105

(/usr/share/texlive/texmf-dist/tex/latex/hyperref/pd1enc.def
File: pd1enc.def 2012/11/06 v6.83m Hyperref: PDFDocEncoding definition (HO)
)
\Hy@SavedSpaceFactor=\count106

(/usr/share/texlive/texmf-dist/tex/latex/latexconfig/hyperref.cfg
File: hyperref.cfg 2002/06/06 v1.2 hyperref configuration of TeXLive
)
Package hyperref Info: Hyper figures OFF on input line 4443.
Package hyperref Info: Link nesting OFF on input line 4448.
Package hyperref Info: Hyper index ON on input line 4451.
Package hyperref Info: Plain pages OFF on input line 4458.
Package hyperref Info: Backreferencing OFF on input line 4463.
Package hyperref Info: Implicit mode ON; LaTeX internals redefined.
Package hyperref Info: Bookmarks ON on input line 4688.
\c@Hy@tempcnt=\count107

(/usr/share/texlive/texmf-dist/tex/latex/url/url.sty
\Urlmuskip=\muskip10
Package: url 2013/09/16  ver 3.4  Verb mode for urls, etc.
)
LaTeX Info: Redefining \url on input line 5041.
\XeTeXLinkMargin=\dimen124
\Fld@menulength=\count108
\Field@Width=\dimen125
\Fld@charsize=\dimen126
Package hyperref Info: Hyper figures OFF on input line 6295.
Package hyperref Info: Link nesting OFF on input line 6300.
Package hyperref Info: Hyper index ON on input line 6303.
Package hyperref Info: backreferencing OFF on input line 6310.
Package hyperref Info: Link coloring OFF on input line 6315.
Package hyperref Info: Link coloring with OCG OFF on input line 6320.
Package hyperref Info: PDF/A mode OFF on input line 6325.
LaTeX Info: Redefining \ref on input line 6365.
LaTeX Info: Redefining \pageref on input line 6369.
\Hy@abspage=\count109
\c@Item=\count110
\c@Hfootnote=\count111
)

Package hyperref Message: Driver (default): hdvips.

(/usr/share/texlive/texmf-dist/tex/latex/hyperref/hdvips.def
File: hdvips.def 2012/11/06 v6.83m Hyperref driver for dvips

(/usr/share/texlive/texmf-dist/tex/latex/hyperref/pdfmark.def
File: pdfmark.def 2012/11/06 v6.83m Hyperref definitions for pdfmark specials
\pdf@docset=\toks19
\pdf@box=\box31
\pdf@toks=\toks20
\pdf@defaulttoks=\toks21
\HyField@AnnotCount=\count112
\Fld@listcount=\count113
\c@bookmark@seq@number=\count114

(/usr/share/texlive/texmf-dist/tex/latex/oberdiek/rerunfilecheck.sty
Package: rerunfilecheck 2011/04/15 v1.7 Rerun checks for auxiliary files (HO)
Package uniquecounter Info: New unique counter `rerunfilecheck' on input line 2
82.
)
\Hy@SectionHShift=\skip47
))
(/usr/share/texmf/tex/latex/xcolor/xcolor.sty
Package: xcolor 2007/01/21 v2.11 LaTeX color extensions (UK)

(/usr/share/texlive/texmf-dist/tex/latex/latexconfig/color.cfg
File: color.cfg 2007/01/18 v1.5 color configuration of teTeX/TeXLive
)
Package xcolor Info: Driver file: dvips.def on input line 225.
Package xcolor Info: Model `cmy' substituted by `cmy0' on input line 1337.
Package xcolor Info: Model `RGB' extended on input line 1353.
Package xcolor Info: Model `HTML' substituted by `rgb' on input line 1355.
Package xcolor Info: Model `Hsb' substituted by `hsb' on input line 1356.
Package xcolor Info: Model `tHsb' substituted by `hsb' on input line 1357.
Package xcolor Info: Model `HSB' substituted by `hsb' on input line 1358.
Package xcolor Info: Model `Gray' substituted by `gray' on input line 1359.
Package xcolor Info: Model `wave' substituted by `hsb' on input line 1360.
)
(./segura-InfSci14.aux)
\openout1 = `segura-InfSci14.aux'.

LaTeX Font Info:    Checking defaults for OML/cmm/m/it on input line 48.
LaTeX Font Info:    ... okay on input line 48.
LaTeX Font Info:    Checking defaults for T1/cmr/m/n on input line 48.
LaTeX Font Info:    ... okay on input line 48.
LaTeX Font Info:    Checking defaults for OT1/cmr/m/n on input line 48.
LaTeX Font Info:    ... okay on input line 48.
LaTeX Font Info:    Checking defaults for OMS/cmsy/m/n on input line 48.
LaTeX Font Info:    ... okay on input line 48.
LaTeX Font Info:    Checking defaults for OMX/cmex/m/n on input line 48.
LaTeX Font Info:    ... okay on input line 48.
LaTeX Font Info:    Checking defaults for U/cmr/m/n on input line 48.
LaTeX Font Info:    ... okay on input line 48.
LaTeX Font Info:    Checking defaults for PD1/pdf/m/n on input line 48.
LaTeX Font Info:    ... okay on input line 48.

*geometry* driver: auto-detecting
*geometry* detected driver: dvips
*geometry* verbose mode - [ preamble ] result:
* driver: dvips
* paper: custom
* layout: <same size as paper>
* layoutoffset:(h,v)=(0.0pt,0.0pt)
* hratio: 1:1
* vratio: 1:1
* modes: 
* h-part:(L,W,R)=(64.75394pt, 468.0pt, 64.75394pt)
* v-part:(T,H,B)=(111.52342pt, 622.0pt, 111.52342pt)
* \paperwidth=597.50787pt
* \paperheight=845.04684pt
* \textwidth=468.0pt
* \textheight=622.0pt
* \oddsidemargin=-7.51605pt
* \evensidemargin=-7.51605pt
* \topmargin=-22.74657pt
* \headheight=50.0pt
* \headsep=12.0pt
* \topskip=10.0pt
* \footskip=18.0pt
* \marginparwidth=65.0pt
* \marginparsep=11.0pt
* \columnsep=24.0pt
* \skip\footins=24.0pt plus 2.0pt minus 12.0pt
* \hoffset=0.0pt
* \voffset=0.0pt
* \mag=1000
* \@twocolumnfalse
* \@twosidefalse
* \@mparswitchfalse
* \@reversemarginfalse
* (1in=72.27pt=25.4mm, 1cm=28.453pt)

\AtBeginShipoutBox=\box32
Package hyperref Info: Link coloring OFF on input line 48.
(/usr/share/texlive/texmf-dist/tex/latex/hyperref/nameref.sty
Package: nameref 2012/10/27 v2.43 Cross-referencing by name of section

(/usr/share/texlive/texmf-dist/tex/generic/oberdiek/gettitlestring.sty
Package: gettitlestring 2010/12/03 v1.4 Cleanup title references (HO)
)
\c@section@level=\count115
)
LaTeX Info: Redefining \ref on input line 48.
LaTeX Info: Redefining \pageref on input line 48.
LaTeX Info: Redefining \nameref on input line 48.

(./segura-InfSci14.out) (./segura-InfSci14.out)
\@outlinefile=\write4
\openout4 = `segura-InfSci14.out'.

LaTeX Font Info:    External font `cmex10' loaded for size
(Font)              <7> on input line 96.
LaTeX Font Info:    External font `cmex10' loaded for size
(Font)              <5> on input line 96.
LaTeX Font Info:    External font `cmex10' loaded for size
(Font)              <8> on input line 96.
LaTeX Font Info:    External font `cmex10' loaded for size
(Font)              <6> on input line 96.
 [1

] [2] [3] [4] [5] [6]
[7] [8] [9]
File: images/cdf.eps Graphic file (type eps)
 <images/cdf.eps> [10] [11]
File: images/CDFs/cdf_new.eps Graphic file (type eps)
 <images/CDFs/cdf_new.eps> [12] [13]
File: images/Time/timePrediction.eps Graphic file (type eps)

<images/Time/timePrediction.eps> [14] [15] [16]
LaTeX Font Info:    Try loading font information for OMS+cmr on input line 1412
.

(/usr/share/texlive/texmf-dist/tex/latex/base/omscmr.fd
File: omscmr.fd 1999/05/25 v2.5h Standard LaTeX font definitions
)
LaTeX Font Info:    Font shape `OMS/cmr/m/n' in size <10> not available
(Font)              Font shape `OMS/cmsy/m/n' tried instead on input line 1412.

File: images/HighMutRatio_150000/F2_50_HighMutRatio.eps Graphic file (type eps)


<images/HighMutRatio_150000/F2_50_HighMutRatio.eps>
File: images/HighMutRatio_150000/F3_50_HighMutRatio.eps Graphic file (type eps)


<images/HighMutRatio_150000/F3_50_HighMutRatio.eps>
File: images/HighMutRatio_150000/F4_50_HighMutRatio.eps Graphic file (type eps)


<images/HighMutRatio_150000/F4_50_HighMutRatio.eps>
File: images/HighMutRatio_150000/F8_50_HighMutRatio.eps Graphic file (type eps)


<images/HighMutRatio_150000/F8_50_HighMutRatio.eps>
File: images/HighMutRatio_150000/F9_50_HighMutRatio.eps Graphic file (type eps)


<images/HighMutRatio_150000/F9_50_HighMutRatio.eps>
File: images/HighMutRatio_150000/F10_50_HighMutRatio.eps Graphic file (type eps
)

<images/HighMutRatio_150000/F10_50_HighMutRatio.eps>
File: images/HighMutRatio_150000/F11_50_HighMutRatio.eps Graphic file (type eps
)

<images/HighMutRatio_150000/F11_50_HighMutRatio.eps>
File: images/HighMutRatio_150000/F12_50_HighMutRatio.eps Graphic file (type eps
)

<images/HighMutRatio_150000/F12_50_HighMutRatio.eps>
File: images/HighMutRatio_150000/F13_50_HighMutRatio.eps Graphic file (type eps
)

<images/HighMutRatio_150000/F13_50_HighMutRatio.eps>
File: images/HighMutRatio_150000/F14_50_HighMutRatio.eps Graphic file (type eps
)

<images/HighMutRatio_150000/F14_50_HighMutRatio.eps>
File: images/HighMutRatio_150000/F15_50_HighMutRatio.eps Graphic file (type eps
)

<images/HighMutRatio_150000/F15_50_HighMutRatio.eps>
File: images/HighMutRatio_150000/F16_50_HighMutRatio.eps Graphic file (type eps
)

<images/HighMutRatio_150000/F16_50_HighMutRatio.eps>
File: images/HighMutRatio_150000/F17_50_HighMutRatio.eps Graphic file (type eps
)

<images/HighMutRatio_150000/F17_50_HighMutRatio.eps>
File: images/HighMutRatio_150000/F18_50_HighMutRatio.eps Graphic file (type eps
)

<images/HighMutRatio_150000/F18_50_HighMutRatio.eps>
File: images/HighMutRatio_150000/F19_50_HighMutRatio.eps Graphic file (type eps
)

<images/HighMutRatio_150000/F19_50_HighMutRatio.eps>
Overfull \hbox (17.29028pt too wide) in paragraph at lines 1448--1455
 [][] 
 []

[17]
File: images/DifGrow/F1_F2_DifGrow.eps Graphic file (type eps)
 <images/DifGrow/F1_F2_DifGrow.eps>
File: images/DifGrow/F3_F4_DifGrow.eps Graphic file (type eps)
 <images/DifGrow/F3_F4_DifGrow.eps>
[18] (./tables/HighMutRatio_150000/de_vs_cde_stats.tex) [19]
File: images/cde004_vs_de_boxplots/F9.eps Graphic file (type eps)

<images/cde004_vs_de_boxplots/F9.eps> (./tables/cde004_vs_de/cde004_vs_de.tex)
[20] (./tables/cde004_vs_de_convergence/cde004_vs_de_convergence.tex) [21]
(./tables/pop_15_50/pop_15.tex) (./tables/pop_15_50/pop_50.tex) [22]
File: images/Pop15_50/F2.eps Graphic file (type eps)

<images/Pop15_50/F2.eps>
File: images/Pop15_50/F8.eps Graphic file (type eps)
 <images/Pop15_50/F8.eps>
File: images/Pop15_50/F13.eps Graphic file (type eps)
 <images/Pop15_50/F13.eps>
File: images/Pop15_50/F17.eps Graphic file (type eps)

<images/Pop15_50/F17.eps>
File: images/Pop15_50/F17_boxplots.eps Graphic file (type eps)
 <images/Pop15_50/F17_boxplots.eps>
(./tables/F_Adaptation/results.tex)

Package hyperref Warning: Token not allowed in a PDF string (PDFDocEncoding):
(hyperref)                removing `math shift' on input line 1846.


Package hyperref Warning: Token not allowed in a PDF string (PDFDocEncoding):
(hyperref)                removing `math shift' on input line 1846.

[23] (./tables/Scalability/cde004_vs_de_200.tex)
(./tables/Scalability/cde004_vs_de_500.tex)
(./tables/Scalability/cde004_vs_de_1000.tex) [24] [25] [26]
(./tables/GADE/gade.tex
Overfull \hbox (3.70792pt too wide) in paragraph at lines 7--33
 [][] 
 []

) [27] (./tables/GODE/gode.tex) [28] (./tables/jDElscop/jDElscop.tex) [29]
File: images/Update/GODE/Update_GODE_F14_15.eps Graphic file (type eps)

<images/Update/GODE/Update_GODE_F14_15.eps>
File: images/Update/GODE/Update_GODE_F4_60.eps Graphic file (type eps)

<images/Update/GODE/Update_GODE_F4_60.eps>
File: images/Update/GADE/Update_GADE_F8_15.eps Graphic file (type eps)

<images/Update/GADE/Update_GADE_F8_15.eps>
File: images/Update/GADE/Update_GADE_F9_60.eps Graphic file (type eps)

<images/Update/GADE/Update_GADE_F9_60.eps> [30]
(./tables/CEC10/cde004_vs_de_1000.tex) [31] [32] [33] (./segura-InfSci14.bbl
Missing character: There is no ƒ in font cmr8!
Missing character: There is no ç in font cmr8!
Missing character: There is no ≈ in font cmr8!
Missing character: There is no ° in font cmr8!
Missing character: There is no ƒ in font cmr8!
Missing character: There is no á in font cmr8!
Missing character: There is no ≈ in font cmr8!
Missing character: There is no Ω in font cmr8!
Missing character: There is no ‚ in font cmr8!
Missing character: There is no Ä in font cmr8!
Missing character: There is no ô in font cmr8!

[34]
Missing character: There is no √ in font cmr8!
Missing character: There is no Å in font cmr8!
 [35]
Missing character: There is no √ in font cmr8!
Missing character: There is no ° in font cmr8!
Missing character: There is no ≈ in font cmr8!
Missing character: There is no ° in font cmr8!
Missing character: There is no √ in font cmr8!
Missing character: There is no © in font cmr8!
Missing character: There is no √ in font cmr8!
Missing character: There is no ° in font cmr8!
Missing character: There is no √ in font cmr8!
Missing character: There is no ° in font cmr8!
Missing character: There is no √ in font cmr8!
Missing character: There is no ≠ in font cmr8!
Missing character: There is no √ in font cmr8!
Missing character: There is no ° in font cmr8!
Missing character: There is no √ in font cmr8!
Missing character: There is no ° in font cmr8!
Missing character: There is no √ in font cmr8!
Missing character: There is no Ω in font cmr8!
Missing character: There is no √ in font cmr8!
Missing character: There is no ° in font cmr8!
Missing character: There is no ≈ in font cmr8!
Missing character: There is no ° in font cmr8!
 [36]
Missing character: There is no ‚ in font cmr8!
Missing character: There is no Ä in font cmr8!
Missing character: There is no ì in font cmr8!
)
Package atveryend Info: Empty hook `BeforeClearDocument' on input line 2411.
 [37] [38] [39] [40]
Package atveryend Info: Empty hook `AfterLastShipout' on input line 2411.
 (./segura-InfSci14.aux)
Package atveryend Info: Empty hook `AtVeryEndDocument' on input line 2411.
Package atveryend Info: Executing hook `AtEndAfterFileList' on input line 2411.

Package rerunfilecheck Info: File `segura-InfSci14.out' has not changed.
(rerunfilecheck)             Checksum: 1E84C63985A556FF69EC4EC10DC5EC0E;1565.
Package atveryend Info: Empty hook `AtVeryVeryEnd' on input line 2411.
 ) 
Here is how much of TeX's memory you used:
 6619 strings out of 493305
 96313 string characters out of 6139897
 246610 words of memory out of 5000000
 9943 multiletter control sequences out of 15000+600000
 10417 words of font info for 36 fonts, out of 8000000 for 9000
 957 hyphenation exceptions out of 8191
 32i,11n,35p,349b,674s stack positions out of 5000i,500n,10000p,200000b,80000s

Output written on segura-InfSci14.dvi (40 pages, 312100 bytes).
