\BOOKMARK [1][-]{section.1}{Introducci\363n}{}% 1
\BOOKMARK [1][-]{section.2}{Mecanismos para evitar la convergencia prematura}{}% 2
\BOOKMARK [1][-]{section.3}{Dise\361o de Evoluci\363n Diferencial basado en diversidad}{}% 3
\BOOKMARK [2][-]{subsection.3.1}{Evoluci\363n Diferencia: Conceptos B\341sicos}{section.3}% 4
\BOOKMARK [3][-]{subsubsection.3.1.1}{Inicializaci\363n}{subsection.3.1}% 5
\BOOKMARK [3][-]{subsubsection.3.1.2}{Mutaci\363n}{subsection.3.1}% 6
\BOOKMARK [3][-]{subsubsection.3.1.3}{Cruza}{subsection.3.1}% 7
\BOOKMARK [3][-]{subsubsection.3.1.4}{Selecci\363n}{subsection.3.1}% 8
\BOOKMARK [2][-]{subsection.3.2}{Diversidad en Evoluci\363n Diferencial}{section.3}% 9
\BOOKMARK [2][-]{subsection.3.3}{Propuesta}{section.3}% 10
\BOOKMARK [2][-]{subsection.3.4}{Resultados}{section.3}% 11
\BOOKMARK [2][-]{subsection.3.5}{An\341lisis Empirico del factor de distancia inicial}{section.3}% 12
\BOOKMARK [1][-]{section.4}{Dise\361o de operadores de cruce basados en diversidad}{}% 13
\BOOKMARK [2][-]{subsection.4.1}{Algoritmos Evolutivos Multi-objetivo}{section.4}% 14
\BOOKMARK [3][-]{subsubsection.4.1.1}{Algoritmos Basados en el concepto de Dominancia - NSGA-II }{subsection.4.1}% 15
\BOOKMARK [3][-]{subsubsection.4.1.2}{Algoritmos multi-objetivo basados en descomposici\363n - MOEA/D}{subsection.4.1}% 16
\BOOKMARK [3][-]{subsubsection.4.1.3}{Algoritmo multi-objetivo basados en indcadores - SMS-EMOA}{subsection.4.1}% 17
\BOOKMARK [2][-]{subsection.4.2}{Operadores de cruce}{section.4}% 18
\BOOKMARK [3][-]{subsubsection.4.2.1}{El Operador de Cruce Basado en Simulaci\363n Binaria - SBX}{subsection.4.2}% 19
\BOOKMARK [3][-]{subsubsection.4.2.2}{Implementaci\363n y an\341lisis del operador sbx}{subsection.4.2}% 20
\BOOKMARK [2][-]{subsection.4.3}{Propuesta}{section.4}% 21
\BOOKMARK [2][-]{subsection.4.4}{Resultados}{section.4}% 22
\BOOKMARK [2][-]{subsection.4.5}{An\341lisis de cada compenente en el operador sbx}{section.4}% 23
\BOOKMARK [2][-]{subsection.4.6}{Modificaci\363n simiult\341nea de varios componentes}{section.4}% 24
