\BOOKMARK [1][-]{section.1}{Introduction}{}% 1
\BOOKMARK [1][-]{section.2}{State of the art in DE}{}% 2
\BOOKMARK [2][-]{subsection.2.1}{Fundamentals}{section.2}% 3
\BOOKMARK [2][-]{subsection.2.2}{Large Scale Optimization}{section.2}% 4
\BOOKMARK [2][-]{subsection.2.3}{Adaptation of Scale Factor}{section.2}% 5
\BOOKMARK [1][-]{section.3}{Mathematical Analysis of Related Approaches}{}% 6
\BOOKMARK [2][-]{subsection.3.1}{Number of Potential Trial Vectors}{section.3}% 7
\BOOKMARK [2][-]{subsection.3.2}{Effects of Adapting the Mutation Scale Factor}{section.3}% 8
\BOOKMARK [1][-]{section.4}{Our Proposals}{}% 9
\BOOKMARK [2][-]{subsection.4.1}{Continuation Scheme}{section.4}% 10
\BOOKMARK [2][-]{subsection.4.2}{Avoiding a Large Reduction in Diversity}{section.4}% 11
\BOOKMARK [1][-]{section.5}{Experimental Evaluation}{}% 12
\BOOKMARK [2][-]{subsection.5.1}{First Set of Experiments: Benefits of each Proposal}{section.5}% 13
\BOOKMARK [2][-]{subsection.5.2}{Second Set of Experiments: Population Size}{section.5}% 14
\BOOKMARK [2][-]{subsection.5.3}{Third Set of Experiments: Adapting F}{section.5}% 15
\BOOKMARK [2][-]{subsection.5.4}{Fourth Set of Experiments: Scalability}{section.5}% 16
\BOOKMARK [2][-]{subsection.5.5}{Fifth Set of Experiments: Other de variants}{section.5}% 17
\BOOKMARK [2][-]{subsection.5.6}{Sixth Set of Experiments: Parameterization of the Update Mechanism}{section.5}% 18
\BOOKMARK [2][-]{subsection.5.7}{Seventh Set of Experiments: Other Benchmarks}{section.5}% 19
\BOOKMARK [1][-]{section.6}{Conclusions and Future Work}{}% 20
